# JRE version: OpenJDK Runtime Environment (8.0_152-b01) (build 1.8.0_152-release-915-b01)
# Java VM: OpenJDK Server VM (25.152-b01 mixed mode windows-x86 )
Heap:
 def new generation   total 34048K, used 31442K [0x11200000, 0x136f0000, 0x26750000)
  eden space 30272K,  91% used [0x11200000, 0x12d04850, 0x12f90000)
  from space 3776K, 100% used [0x12f90000, 0x13340000, 0x13340000)
  to   space 3776K,   0% used [0x13340000, 0x13340000, 0x136f0000)
 tenured generation   total 75428K, used 51758K [0x26750000, 0x2b0f9000, 0x51200000)
   the space 75428K,  68% used [0x26750000, 0x299dba18, 0x299dbc00, 0x2b0f9000)
 Metaspace       used 43925K, capacity 45167K, committed 45312K, reserved 45440K
GC Heap History (10 events):
Event: 92.135 GC heap before
{Heap before GC invocations=78 (full 3):
 def new generation   total 20032K, used 19095K [0x11200000, 0x127b0000, 0x26750000)
  eden space 17856K, 100% used [0x11200000, 0x12370000, 0x12370000)
  from space 2176K,  56% used [0x12370000, 0x124a5f38, 0x12590000)
  to   space 2176K,   0% used [0x12590000, 0x12590000, 0x127b0000)
 tenured generation   total 44236K, used 43701K [0x26750000, 0x29283000, 0x51200000)
   the space 44236K,  98% used [0x26750000, 0x291fd430, 0x291fd600, 0x29283000)
 Metaspace       used 41008K, capacity 42212K, committed 42240K, reserved 42368K
Event: 92.531 GC heap after
Heap after GC invocations=79 (full 4):
 def new generation   total 34048K, used 0K [0x11200000, 0x136f0000, 0x26750000)
  eden space 30272K,   0% used [0x11200000, 0x11200000, 0x12f90000)
  from space 3776K,   0% used [0x12f90000, 0x12f90000, 0x13340000)
  to   space 3776K,   0% used [0x13340000, 0x13340000, 0x136f0000)
 tenured generation   total 75428K, used 45256K [0x26750000, 0x2b0f9000, 0x51200000)
   the space 75428K,  59% used [0x26750000, 0x29382270, 0x29382400, 0x2b0f9000)
 Metaspace       used 41008K, capacity 42212K, committed 42240K, reserved 42368K
}
Event: 106.116 GC heap before
{Heap before GC invocations=79 (full 4):
 def new generation   total 34048K, used 30272K [0x11200000, 0x136f0000, 0x26750000)
  eden space 30272K, 100% used [0x11200000, 0x12f90000, 0x12f90000)
  from space 3776K,   0% used [0x12f90000, 0x12f90000, 0x13340000)
  to   space 3776K,   0% used [0x13340000, 0x13340000, 0x136f0000)
 tenured generation   total 75428K, used 45256K [0x26750000, 0x2b0f9000, 0x51200000)
   the space 75428K,  59% used [0x26750000, 0x29382270, 0x29382400, 0x2b0f9000)
 Metaspace       used 41291K, capacity 42553K, committed 42624K, reserved 43392K
Event: 106.130 GC heap after
Heap after GC invocations=80 (full 4):
 def new generation   total 34048K, used 1543K [0x11200000, 0x136f0000, 0x26750000)
  eden space 30272K,   0% used [0x11200000, 0x11200000, 0x12f90000)
  from space 3776K,  40% used [0x13340000, 0x134c1cc0, 0x136f0000)
  to   space 3776K,   0% used [0x12f90000, 0x12f90000, 0x13340000)
 tenured generation   total 75428K, used 45256K [0x26750000, 0x2b0f9000, 0x51200000)
   the space 75428K,  59% used [0x26750000, 0x29382270, 0x29382400, 0x2b0f9000)
 Metaspace       used 41291K, capacity 42553K, committed 42624K, reserved 43392K
}
Event: 108.865 GC heap before
{Heap before GC invocations=80 (full 4):
 def new generation   total 34048K, used 31815K [0x11200000, 0x136f0000, 0x26750000)
  eden space 30272K, 100% used [0x11200000, 0x12f90000, 0x12f90000)
  from space 3776K,  40% used [0x13340000, 0x134c1cc0, 0x136f0000)
  to   space 3776K,   0% used [0x12f90000, 0x12f90000, 0x13340000)
 tenured generation   total 75428K, used 45256K [0x26750000, 0x2b0f9000, 0x51200000)
   the space 75428K,  59% used [0x26750000, 0x29382270, 0x29382400, 0x2b0f9000)
 Metaspace       used 41465K, capacity 42728K, committed 42752K, reserved 43392K
Event: 108.884 GC heap after
Heap after GC invocations=81 (full 4):
 def new generation   total 34048K, used 2241K [0x11200000, 0x136f0000, 0x26750000)
  eden space 30272K,   0% used [0x11200000, 0x11200000, 0x12f90000)
  from space 3776K,  59% used [0x12f90000, 0x131c0560, 0x13340000)
  to   space 3776K,   0% used [0x13340000, 0x13340000, 0x136f0000)
 tenured generation   total 75428K, used 45256K [0x26750000, 0x2b0f9000, 0x51200000)
   the space 75428K,  59% used [0x26750000, 0x29382270, 0x29382400, 0x2b0f9000)
 Metaspace       used 41465K, capacity 42728K, committed 42752K, reserved 43392K
}
Event: 140.071 GC heap before
{Heap before GC invocations=81 (full 4):
 def new generation   total 34048K, used 32513K [0x11200000, 0x136f0000, 0x26750000)
  eden space 30272K, 100% used [0x11200000, 0x12f90000, 0x12f90000)
  from space 3776K,  59% used [0x12f90000, 0x131c0560, 0x13340000)
  to   space 3776K,   0% used [0x13340000, 0x13340000, 0x136f0000)
 tenured generation   total 75428K, used 45256K [0x26750000, 0x2b0f9000, 0x51200000)
   the space 75428K,  59% used [0x26750000, 0x29382270, 0x29382400, 0x2b0f9000)
 Metaspace       used 42583K, capacity 43837K, committed 43904K, reserved 44416K
Event: 140.113 GC heap after
Heap after GC invocations=82 (full 4):
 def new generation   total 34048K, used 3776K [0x11200000, 0x136f0000, 0x26750000)
  eden space 30272K,   0% used [0x11200000, 0x11200000, 0x12f90000)
  from space 3776K, 100% used [0x13340000, 0x136f0000, 0x136f0000)
  to   space 3776K,   0% used [0x12f90000, 0x12f90000, 0x13340000)
 tenured generation   total 75428K, used 47299K [0x26750000, 0x2b0f9000, 0x51200000)
   the space 75428K,  62% used [0x26750000, 0x29580f50, 0x29581000, 0x2b0f9000)
 Metaspace       used 42583K, capacity 43837K, committed 43904K, reserved 44416K
}
Event: 142.293 GC heap before
{Heap before GC invocations=82 (full 4):
 def new generation   total 34048K, used 34048K [0x11200000, 0x136f0000, 0x26750000)
  eden space 30272K, 100% used [0x11200000, 0x12f90000, 0x12f90000)
  from space 3776K, 100% used [0x13340000, 0x136f0000, 0x136f0000)
  to   space 3776K,   0% used [0x12f90000, 0x12f90000, 0x13340000)
 tenured generation   total 75428K, used 47299K [0x26750000, 0x2b0f9000, 0x51200000)
   the space 75428K,  62% used [0x26750000, 0x29580f50, 0x29581000, 0x2b0f9000)
 Metaspace       used 42685K, capacity 43933K, committed 44032K, reserved 44416K
Event: 142.365 GC heap after
Heap after GC invocations=83 (full 4):
 def new generation   total 34048K, used 3776K [0x11200000, 0x136f0000, 0x26750000)
  eden space 30272K,   0% used [0x11200000, 0x11200000, 0x12f90000)
  from space 3776K, 100% used [0x12f90000, 0x13340000, 0x13340000)
  to   space 3776K,   0% used [0x13340000, 0x13340000, 0x136f0000)
 tenured generation   total 75428K, used 51758K [0x26750000, 0x2b0f9000, 0x51200000)
   the space 75428K,  68% used [0x26750000, 0x299dba18, 0x299dbc00, 0x2b0f9000)
 Metaspace       used 42685K, capacity 43933K, committed 44032K, reserved 44416K
}

