# JRE version: OpenJDK Runtime Environment (8.0_152-b01) (build 1.8.0_152-release-915-b01)
# Java VM: OpenJDK Server VM (25.152-b01 mixed mode windows-x86 )
Heap:
 def new generation   total 31104K, used 23025K [0x11200000, 0x133b0000, 0x26750000)
  eden space 27712K,  70% used [0x11200000, 0x1252c6e0, 0x12d10000)
  from space 3392K, 100% used [0x12d10000, 0x13060000, 0x13060000)
  to   space 3392K,   0% used [0x13060000, 0x13060000, 0x133b0000)
 tenured generation   total 68864K, used 47949K [0x26750000, 0x2aa90000, 0x51200000)
   the space 68864K,  69% used [0x26750000, 0x296234e8, 0x29623600, 0x2aa90000)
 Metaspace       used 41811K, capacity 43030K, committed 43136K, reserved 43392K
GC Heap History (10 events):
Event: 94.435 GC heap before
{Heap before GC invocations=78 (full 3):
 def new generation   total 20800K, used 20800K [0x11200000, 0x12890000, 0x26750000)
  eden space 18496K, 100% used [0x11200000, 0x12410000, 0x12410000)
  from space 2304K, 100% used [0x12650000, 0x12890000, 0x12890000)
  to   space 2304K,   0% used [0x12410000, 0x12410000, 0x12650000)
 tenured generation   total 46048K, used 44950K [0x26750000, 0x29448000, 0x51200000)
   the space 46048K,  97% used [0x26750000, 0x29335b68, 0x29335c00, 0x29448000)
 Metaspace       used 39425K, capacity 40660K, committed 40704K, reserved 41344K
Event: 94.787 GC heap after
Heap after GC invocations=79 (full 4):
 def new generation   total 31104K, used 0K [0x11200000, 0x133b0000, 0x26750000)
  eden space 27712K,   0% used [0x11200000, 0x11200000, 0x12d10000)
  from space 3392K,   0% used [0x12d10000, 0x12d10000, 0x13060000)
  to   space 3392K,   0% used [0x13060000, 0x13060000, 0x133b0000)
 tenured generation   total 68864K, used 41317K [0x26750000, 0x2aa90000, 0x51200000)
   the space 68864K,  59% used [0x26750000, 0x28fa9448, 0x28fa9600, 0x2aa90000)
 Metaspace       used 39425K, capacity 40660K, committed 40704K, reserved 41344K
}
Event: 95.827 GC heap before
{Heap before GC invocations=79 (full 4):
 def new generation   total 31104K, used 27712K [0x11200000, 0x133b0000, 0x26750000)
  eden space 27712K, 100% used [0x11200000, 0x12d10000, 0x12d10000)
  from space 3392K,   0% used [0x12d10000, 0x12d10000, 0x13060000)
  to   space 3392K,   0% used [0x13060000, 0x13060000, 0x133b0000)
 tenured generation   total 68864K, used 41317K [0x26750000, 0x2aa90000, 0x51200000)
   the space 68864K,  59% used [0x26750000, 0x28fa9448, 0x28fa9600, 0x2aa90000)
 Metaspace       used 39502K, capacity 40756K, committed 40832K, reserved 41344K
Event: 95.835 GC heap after
Heap after GC invocations=80 (full 4):
 def new generation   total 31104K, used 921K [0x11200000, 0x133b0000, 0x26750000)
  eden space 27712K,   0% used [0x11200000, 0x11200000, 0x12d10000)
  from space 3392K,  27% used [0x13060000, 0x13146738, 0x133b0000)
  to   space 3392K,   0% used [0x12d10000, 0x12d10000, 0x13060000)
 tenured generation   total 68864K, used 41317K [0x26750000, 0x2aa90000, 0x51200000)
   the space 68864K,  59% used [0x26750000, 0x28fa9448, 0x28fa9600, 0x2aa90000)
 Metaspace       used 39502K, capacity 40756K, committed 40832K, reserved 41344K
}
Event: 99.149 GC heap before
{Heap before GC invocations=80 (full 4):
 def new generation   total 31104K, used 28633K [0x11200000, 0x133b0000, 0x26750000)
  eden space 27712K, 100% used [0x11200000, 0x12d10000, 0x12d10000)
  from space 3392K,  27% used [0x13060000, 0x13146738, 0x133b0000)
  to   space 3392K,   0% used [0x12d10000, 0x12d10000, 0x13060000)
 tenured generation   total 68864K, used 41317K [0x26750000, 0x2aa90000, 0x51200000)
   the space 68864K,  59% used [0x26750000, 0x28fa9448, 0x28fa9600, 0x2aa90000)
 Metaspace       used 40100K, capacity 41313K, committed 41344K, reserved 41344K
Event: 99.175 GC heap after
Heap after GC invocations=81 (full 4):
 def new generation   total 31104K, used 3392K [0x11200000, 0x133b0000, 0x26750000)
  eden space 27712K,   0% used [0x11200000, 0x11200000, 0x12d10000)
  from space 3392K, 100% used [0x12d10000, 0x13060000, 0x13060000)
  to   space 3392K,   0% used [0x13060000, 0x13060000, 0x133b0000)
 tenured generation   total 68864K, used 41454K [0x26750000, 0x2aa90000, 0x51200000)
   the space 68864K,  60% used [0x26750000, 0x28fcb990, 0x28fcba00, 0x2aa90000)
 Metaspace       used 40100K, capacity 41313K, committed 41344K, reserved 41344K
}
Event: 101.543 GC heap before
{Heap before GC invocations=81 (full 4):
 def new generation   total 31104K, used 31104K [0x11200000, 0x133b0000, 0x26750000)
  eden space 27712K, 100% used [0x11200000, 0x12d10000, 0x12d10000)
  from space 3392K, 100% used [0x12d10000, 0x13060000, 0x13060000)
  to   space 3392K,   0% used [0x13060000, 0x13060000, 0x133b0000)
 tenured generation   total 68864K, used 41454K [0x26750000, 0x2aa90000, 0x51200000)
   the space 68864K,  60% used [0x26750000, 0x28fcb990, 0x28fcba00, 0x2aa90000)
 Metaspace       used 40737K, capacity 41956K, committed 41984K, reserved 42368K
Event: 101.571 GC heap after
Heap after GC invocations=82 (full 4):
 def new generation   total 31104K, used 2086K [0x11200000, 0x133b0000, 0x26750000)
  eden space 27712K,   0% used [0x11200000, 0x11200000, 0x12d10000)
  from space 3392K,  61% used [0x13060000, 0x13269838, 0x133b0000)
  to   space 3392K,   0% used [0x12d10000, 0x12d10000, 0x13060000)
 tenured generation   total 68864K, used 44307K [0x26750000, 0x2aa90000, 0x51200000)
   the space 68864K,  64% used [0x26750000, 0x29294df0, 0x29294e00, 0x2aa90000)
 Metaspace       used 40737K, capacity 41956K, committed 41984K, reserved 42368K
}
Event: 103.781 GC heap before
{Heap before GC invocations=82 (full 4):
 def new generation   total 31104K, used 29798K [0x11200000, 0x133b0000, 0x26750000)
  eden space 27712K, 100% used [0x11200000, 0x12d10000, 0x12d10000)
  from space 3392K,  61% used [0x13060000, 0x13269838, 0x133b0000)
  to   space 3392K,   0% used [0x12d10000, 0x12d10000, 0x13060000)
 tenured generation   total 68864K, used 44307K [0x26750000, 0x2aa90000, 0x51200000)
   the space 68864K,  64% used [0x26750000, 0x29294df0, 0x29294e00, 0x2aa90000)
 Metaspace       used 40935K, capacity 42150K, committed 42240K, reserved 42368K
Event: 103.820 GC heap after
Heap after GC invocations=83 (full 4):
 def new generation   total 31104K, used 3392K [0x11200000, 0x133b0000, 0x26750000)
  eden space 27712K,   0% used [0x11200000, 0x11200000, 0x12d10000)
  from space 3392K, 100% used [0x12d10000, 0x13060000, 0x13060000)
  to   space 3392K,   0% used [0x13060000, 0x13060000, 0x133b0000)
 tenured generation   total 68864K, used 47949K [0x26750000, 0x2aa90000, 0x51200000)
   the space 68864K,  69% used [0x26750000, 0x296234e8, 0x29623600, 0x2aa90000)
 Metaspace       used 40935K, capacity 42150K, committed 42240K, reserved 42368K
}

